2024-12-27 16:30:23,976 - INFO 
Dataset importado com sucesso.
Quantidade de linhas: 4999
Quantidade de colunas: 17

2024-12-27 16:30:23,977 - INFO 
Verificacao de valores ausentes.

2024-12-27 16:30:23,979 - INFO 
Nao ha valores ausentes.

2024-12-27 16:30:23,979 - INFO 
Verificacao de linhas duplicadas.

2024-12-27 16:30:23,984 - INFO 
Removendo 519 linhas duplicadas.

2024-12-27 16:30:23,987 - INFO 
Linhas duplicadas removidas. Total de linhas apos remocao: 4480.

2024-12-27 16:30:23,988 - INFO 
Coluna deposito_prazo foi movida para a posicao 5 no dataset.

2024-12-27 16:30:24,428 - INFO 
Verificacao de valores ausentes.

2024-12-27 16:30:24,430 - INFO 
Nao ha valores ausentes.

2024-12-27 16:30:24,430 - INFO 
Verificacao de linhas duplicadas.

2024-12-27 16:30:24,434 - INFO 
Removendo 4 linhas duplicadas.

2024-12-27 16:30:24,437 - INFO 
Linhas duplicadas removidas. Total de linhas apos remocao: 4476.

2024-12-27 16:30:24,439 - INFO 
A coluna 'id' foi criada para identificacao unica de registros.

2024-12-27 16:30:24,439 - INFO 
Verificacao final.
Quantidade de linhas: 4476
Quantidade de colunas: 18

